Added Component: Designator=B(Header 3P DC 2.54)
Add component (AddParameter): Name = "Chung_Loai"; Value = "C?m"; VariantName = "[No Variations]"
Add component (AddParameter): Name = "Don_Vi"; Value = "Con"; VariantName = "[No Variations]"
Add component (AddParameter): Name = "Ghi_Chu"; Value = ""; VariantName = "[No Variations]"
Add component (AddParameter): Name = "Kieu_Chan"; Value = ""; VariantName = "[No Variations]"
Add component (AddParameter): Name = "Ma_Hang"; Value = "MH001302"; VariantName = "[No Variations]"
Add component (AddParameter): Name = "Ten_Linh_Kien"; Value = "Header 3P XH2.54-3P Ð?c Cong"; VariantName = "[No Variations]"
Added Component: Designator=h(DIP16 - duplicate)
Added Component: Designator=LED(LED-5MM-RED)
Add component (AddParameter): Name = "Chung_Loai"; Value = "C?m"; VariantName = "[No Variations]"
Add component (AddParameter): Name = "Don_Vi"; Value = "Con"; VariantName = "[No Variations]"
Add component (AddParameter): Name = "Ghi_Chu"; Value = ""; VariantName = "[No Variations]"
Add component (AddParameter): Name = "Kieu_Chan"; Value = ""; VariantName = "[No Variations]"
Add component (AddParameter): Name = "Ma_Hang"; Value = "MH008967"; VariantName = "[No Variations]"
Add component (AddParameter): Name = "Ten_Linh_Kien"; Value = "Led 5MM Ph? Ð? (1000c)"; VariantName = "[No Variations]"
Added Component: Designator=Sensor(CON4_100_S4B-XH-A_TH_RA)
Add component (AddParameter): Name = "Alternate Part Number-1"; Value = "NA"; VariantName = "[No Variations]"
Add component (AddParameter): Name = "Case/Package"; Value = "TH-CON"; VariantName = "[No Variations]"
Add component (AddParameter): Name = "Crimp Part Number"; Value = "ASXHSXH22K51"; VariantName = "[No Variations]"
Add component (AddParameter): Name = "Manufacturer"; Value = "Wurth Electronics"; VariantName = "[No Variations]"
Add component (AddParameter): Name = "Manufacturer Part Number"; Value = "S4B-XH-A-1(LF)(SN)"; VariantName = "[No Variations]"
Add component (AddParameter): Name = "Mating Part Number"; Value = "XHP-4"; VariantName = "[No Variations]"
Add component (AddParameter): Name = "Supplier Part Number-1"; Value = "S4B-XH-A"; VariantName = "[No Variations]"
Add component (AddParameter): Name = "Supplier-1"; Value = "LCSC"; VariantName = "[No Variations]"
Added Component: Designator=(Header 5P DC 2.54)
Add component (AddParameter): Name = "Chung_Loai"; Value = "C?m"; VariantName = "[No Variations]"
Add component (AddParameter): Name = "Don_Vi"; Value = "Con"; VariantName = "[No Variations]"
Add component (AddParameter): Name = "Ghi_Chu"; Value = ""; VariantName = "[No Variations]"
Add component (AddParameter): Name = "Kieu_Chan"; Value = ""; VariantName = "[No Variations]"
Add component (AddParameter): Name = "Ma_Hang"; Value = "MH001308"; VariantName = "[No Variations]"
Add component (AddParameter): Name = "Ten_Linh_Kien"; Value = "Header 5P XH2.54-5P Ð?c Cong"; VariantName = "[No Variations]"
Added Component: Designator=(MOD MPU-6050)
Added Component: Designator=(STM32F103 KIT)
Added Pin To Net: NetName=GND Pin=-1
Added Pin To Net: NetName=GND Pin=-3
Added Pin To Net: NetName=GND Pin=-15
Added Pin To Net: NetName=GND Pin=-19
Added Pin To Net: NetName=GND Pin=Sensor-3
Added Net: Name=GND
Added Pin To Net: NetName=Net_0 Pin=-0
Added Pin To Net: NetName=Net_0 Pin=-5
Added Pin To Net: NetName=Net_0 Pin=Sensor-4
Added Net: Name=Net_0
Added Pin To Net: NetName=Net_1 Pin=-1
Added Pin To Net: NetName=Net_1 Pin=-2
Added Net: Name=Net_1
Added Pin To Net: NetName=Net_2 Pin=-2
Added Pin To Net: NetName=Net_2 Pin=-14
Added Net: Name=Net_2
Added Pin To Net: NetName=Net_3 Pin=-3
Added Pin To Net: NetName=Net_3 Pin=-4
Added Net: Name=Net_3
Added Pin To Net: NetName=Net_11 Pin=-11
Added Pin To Net: NetName=Net_11 Pin=h-3
Added Net: Name=Net_11
Added Pin To Net: NetName=Net_12 Pin=-12
Added Pin To Net: NetName=Net_12 Pin=h-13
Added Net: Name=Net_12
Added Pin To Net: NetName=Net_13 Pin=-13
Added Pin To Net: NetName=Net_13 Pin=h-14
Added Net: Name=Net_13
Added Pin To Net: NetName=Net_18 Pin=-18
Added Pin To Net: NetName=Net_18 Pin=B-3
Added Net: Name=Net_18
Added Pin To Net: NetName=Net_20 Pin=-20
Added Pin To Net: NetName=Net_20 Pin=LED-1
Added Net: Name=Net_20
Added Pin To Net: NetName=Net_25 Pin=-25
Added Pin To Net: NetName=Net_25 Pin=Sensor-1
Added Net: Name=Net_25
Added Pin To Net: NetName=Net_26 Pin=-26
Added Pin To Net: NetName=Net_26 Pin=B-2
Added Net: Name=Net_26
Added Pin To Net: NetName=Net_27 Pin=-27
Added Pin To Net: NetName=Net_27 Pin=LED-2
Added Net: Name=Net_27
Added Pin To Net: NetName=Net_30 Pin=-30
Added Pin To Net: NetName=Net_30 Pin=h-12
Added Net: Name=Net_30
Added Pin To Net: NetName=Net_31 Pin=-31
Added Pin To Net: NetName=Net_31 Pin=h-10
Added Net: Name=Net_31
Added Pin To Net: NetName=Net_32 Pin=-32
Added Pin To Net: NetName=Net_32 Pin=h-11
Added Net: Name=Net_32
Added Pin To Net: NetName=Net_38 Pin=-38
Added Pin To Net: NetName=Net_38 Pin=h-4
Added Net: Name=Net_38
Added Pin To Net: NetName=Net_40 Pin=-40
Added Pin To Net: NetName=Net_40 Pin=B-1
Added Pin To Net: NetName=Net_40 Pin=h-9
Added Net: Name=Net_40
Added Class: Name=Sheet1
Added Room: Name=Sheet1
